{"C:\\Users\\chend\\Documents\\ctr-build-10\\ctr-build-10\\app.js": {"path":"C:\\Users\\chend\\Documents\\ctr-build-10\\ctr-build-10\\app.js","statementMap":{"0":{"start":{"line":1,"column":18},"end":{"line":1,"column":40}},"1":{"start":{"line":2,"column":14},"end":{"line":2,"column":32}},"2":{"start":{"line":3,"column":11},"end":{"line":3,"column":26}},"3":{"start":{"line":4,"column":19},"end":{"line":4,"column":43}},"4":{"start":{"line":5,"column":13},"end":{"line":5,"column":30}},"5":{"start":{"line":7,"column":18},"end":{"line":7,"column":43}},"6":{"start":{"line":8,"column":18},"end":{"line":8,"column":43}},"7":{"start":{"line":10,"column":10},"end":{"line":10,"column":19}},"8":{"start":{"line":13,"column":0},"end":{"line":13,"column":48}},"9":{"start":{"line":14,"column":0},"end":{"line":14,"column":31}},"10":{"start":{"line":16,"column":0},"end":{"line":16,"column":23}},"11":{"start":{"line":17,"column":0},"end":{"line":17,"column":24}},"12":{"start":{"line":18,"column":0},"end":{"line":18,"column":49}},"13":{"start":{"line":19,"column":0},"end":{"line":19,"column":24}},"14":{"start":{"line":20,"column":0},"end":{"line":20,"column":56}},"15":{"start":{"line":22,"column":0},"end":{"line":22,"column":26}},"16":{"start":{"line":23,"column":0},"end":{"line":23,"column":31}},"17":{"start":{"line":26,"column":0},"end":{"line":28,"column":3}},"18":{"start":{"line":27,"column":2},"end":{"line":27,"column":25}},"19":{"start":{"line":31,"column":0},"end":{"line":39,"column":3}},"20":{"start":{"line":33,"column":2},"end":{"line":33,"column":35}},"21":{"start":{"line":34,"column":2},"end":{"line":34,"column":69}},"22":{"start":{"line":37,"column":2},"end":{"line":37,"column":32}},"23":{"start":{"line":38,"column":2},"end":{"line":38,"column":22}},"24":{"start":{"line":41,"column":0},"end":{"line":41,"column":21}}},"fnMap":{"0":{"name":"(anonymous_0)","decl":{"start":{"line":26,"column":8},"end":{"line":26,"column":9}},"loc":{"start":{"line":26,"column":33},"end":{"line":28,"column":1}},"line":26},"1":{"name":"(anonymous_1)","decl":{"start":{"line":31,"column":8},"end":{"line":31,"column":9}},"loc":{"start":{"line":31,"column":38},"end":{"line":39,"column":1}},"line":31}},"branchMap":{"0":{"loc":{"start":{"line":34,"column":21},"end":{"line":34,"column":68}},"type":"cond-expr","locations":[{"start":{"line":34,"column":60},"end":{"line":34,"column":63}},{"start":{"line":34,"column":66},"end":{"line":34,"column":68}}],"line":34},"1":{"loc":{"start":{"line":37,"column":13},"end":{"line":37,"column":30}},"type":"binary-expr","locations":[{"start":{"line":37,"column":13},"end":{"line":37,"column":23}},{"start":{"line":37,"column":27},"end":{"line":37,"column":30}}],"line":37}},"s":{"0":1,"1":1,"2":1,"3":1,"4":1,"5":1,"6":1,"7":1,"8":1,"9":1,"10":1,"11":1,"12":1,"13":1,"14":1,"15":1,"16":1,"17":1,"18":0,"19":1,"20":0,"21":0,"22":0,"23":0,"24":1},"f":{"0":0,"1":0},"b":{"0":[0,0],"1":[0,0]},"_coverageSchema":"1a1c01bbd47fc00a2c39e90264f33305004495a9","hash":"f7b9098ed58dd9f734d7c952814bad13a24834d9"}
,"C:\\Users\\chend\\Documents\\ctr-build-10\\ctr-build-10\\controllers\\favoritesController.js": {"path":"C:\\Users\\chend\\Documents\\ctr-build-10\\ctr-build-10\\controllers\\favoritesController.js","statementMap":{"0":{"start":{"line":2,"column":4},"end":{"line":2,"column":28}},"1":{"start":{"line":5,"column":0},"end":{"line":5,"column":35}}},"fnMap":{"0":{"name":"render_favorites","decl":{"start":{"line":1,"column":9},"end":{"line":1,"column":25}},"loc":{"start":{"line":1,"column":35},"end":{"line":3,"column":1}},"line":1}},"branchMap":{},"s":{"0":1,"1":1},"f":{"0":1},"b":{},"_coverageSchema":"1a1c01bbd47fc00a2c39e90264f33305004495a9","hash":"45a6b2530afd218ca7cb94b56591ce9539e9592f"}
,"C:\\Users\\chend\\Documents\\ctr-build-10\\ctr-build-10\\controllers\\formController.js": {"path":"C:\\Users\\chend\\Documents\\ctr-build-10\\ctr-build-10\\controllers\\formController.js","statementMap":{"0":{"start":{"line":1,"column":18},"end":{"line":1,"column":52}},"1":{"start":{"line":4,"column":11},"end":{"line":7,"column":2}},"2":{"start":{"line":10,"column":4},"end":{"line":10,"column":22}},"3":{"start":{"line":14,"column":15},"end":{"line":24,"column":7}},"4":{"start":{"line":25,"column":22},"end":{"line":25,"column":64}},"5":{"start":{"line":26,"column":6},"end":{"line":26,"column":24}},"6":{"start":{"line":29,"column":0},"end":{"line":29,"column":40}}},"fnMap":{"0":{"name":"render_form","decl":{"start":{"line":9,"column":9},"end":{"line":9,"column":20}},"loc":{"start":{"line":9,"column":30},"end":{"line":11,"column":1}},"line":9},"1":{"name":"add_data","decl":{"start":{"line":13,"column":15},"end":{"line":13,"column":23}},"loc":{"start":{"line":13,"column":33},"end":{"line":27,"column":1}},"line":13}},"branchMap":{},"s":{"0":1,"1":1,"2":1,"3":0,"4":0,"5":0,"6":1},"f":{"0":1,"1":0},"b":{},"_coverageSchema":"1a1c01bbd47fc00a2c39e90264f33305004495a9","hash":"b7703b3c8165469fda33d95bbf548564b367abf8"}
,"C:\\Users\\chend\\Documents\\ctr-build-10\\ctr-build-10\\controllers\\homeController.js": {"path":"C:\\Users\\chend\\Documents\\ctr-build-10\\ctr-build-10\\controllers\\homeController.js","statementMap":{"0":{"start":{"line":2,"column":4},"end":{"line":2,"column":42}},"1":{"start":{"line":5,"column":0},"end":{"line":5,"column":30}}},"fnMap":{"0":{"name":"render_home","decl":{"start":{"line":1,"column":9},"end":{"line":1,"column":20}},"loc":{"start":{"line":1,"column":30},"end":{"line":3,"column":1}},"line":1}},"branchMap":{},"s":{"0":1,"1":1},"f":{"0":1},"b":{},"_coverageSchema":"1a1c01bbd47fc00a2c39e90264f33305004495a9","hash":"6c23cd2824c7c071ba5d71d55aeebde7d6d45996"}
,"C:\\Users\\chend\\Documents\\ctr-build-10\\ctr-build-10\\controllers\\indexController.js": {"path":"C:\\Users\\chend\\Documents\\ctr-build-10\\ctr-build-10\\controllers\\indexController.js","statementMap":{"0":{"start":{"line":1,"column":18},"end":{"line":1,"column":52}},"1":{"start":{"line":4,"column":11},"end":{"line":7,"column":2}},"2":{"start":{"line":10,"column":4},"end":{"line":10,"column":43}},"3":{"start":{"line":14,"column":4},"end":{"line":23,"column":3}},"4":{"start":{"line":15,"column":19},"end":{"line":15,"column":70}},"5":{"start":{"line":16,"column":6},"end":{"line":20,"column":28}},"6":{"start":{"line":17,"column":10},"end":{"line":17,"column":19}},"7":{"start":{"line":20,"column":8},"end":{"line":20,"column":28}},"8":{"start":{"line":22,"column":6},"end":{"line":22,"column":22}},"9":{"start":{"line":26,"column":0},"end":{"line":26,"column":38}}},"fnMap":{"0":{"name":"render_index","decl":{"start":{"line":9,"column":9},"end":{"line":9,"column":21}},"loc":{"start":{"line":9,"column":31},"end":{"line":11,"column":1}},"line":9},"1":{"name":"login","decl":{"start":{"line":13,"column":15},"end":{"line":13,"column":20}},"loc":{"start":{"line":13,"column":36},"end":{"line":24,"column":1}},"line":13}},"branchMap":{"0":{"loc":{"start":{"line":16,"column":6},"end":{"line":20,"column":28}},"type":"if","locations":[{"start":{"line":16,"column":6},"end":{"line":20,"column":28}},{"start":{"line":20,"column":8},"end":{"line":20,"column":28}}],"line":16}},"s":{"0":1,"1":1,"2":1,"3":0,"4":0,"5":0,"6":0,"7":0,"8":0,"9":1},"f":{"0":1,"1":0},"b":{"0":[0,0]},"_coverageSchema":"1a1c01bbd47fc00a2c39e90264f33305004495a9","hash":"93dda1fb4f362a88367d69caf31fe0f018272982"}
,"C:\\Users\\chend\\Documents\\ctr-build-10\\ctr-build-10\\controllers\\listController.js": {"path":"C:\\Users\\chend\\Documents\\ctr-build-10\\ctr-build-10\\controllers\\listController.js","statementMap":{"0":{"start":{"line":1,"column":18},"end":{"line":1,"column":52}},"1":{"start":{"line":4,"column":11},"end":{"line":7,"column":2}},"2":{"start":{"line":14,"column":17},"end":{"line":14,"column":71}},"3":{"start":{"line":15,"column":4},"end":{"line":18,"column":22}},"4":{"start":{"line":16,"column":8},"end":{"line":16,"column":17}},"5":{"start":{"line":18,"column":11},"end":{"line":18,"column":22}},"6":{"start":{"line":27,"column":22},"end":{"line":27,"column":24}},"7":{"start":{"line":28,"column":4},"end":{"line":34,"column":2}},"8":{"start":{"line":29,"column":8},"end":{"line":32,"column":6}},"9":{"start":{"line":30,"column":8},"end":{"line":30,"column":27}},"10":{"start":{"line":33,"column":4},"end":{"line":33,"column":43}},"11":{"start":{"line":36,"column":0},"end":{"line":36,"column":48}}},"fnMap":{"0":{"name":"get_roster_data","decl":{"start":{"line":13,"column":15},"end":{"line":13,"column":30}},"loc":{"start":{"line":13,"column":32},"end":{"line":19,"column":3}},"line":13},"1":{"name":"display_list","decl":{"start":{"line":26,"column":9},"end":{"line":26,"column":21}},"loc":{"start":{"line":26,"column":31},"end":{"line":34,"column":3}},"line":26},"2":{"name":"(anonymous_2)","decl":{"start":{"line":28,"column":27},"end":{"line":28,"column":28}},"loc":{"start":{"line":28,"column":43},"end":{"line":34,"column":1}},"line":28},"3":{"name":"(anonymous_3)","decl":{"start":{"line":29,"column":23},"end":{"line":29,"column":24}},"loc":{"start":{"line":29,"column":30},"end":{"line":32,"column":5}},"line":29}},"branchMap":{"0":{"loc":{"start":{"line":15,"column":4},"end":{"line":18,"column":22}},"type":"if","locations":[{"start":{"line":15,"column":4},"end":{"line":18,"column":22}},{"start":{"line":18,"column":11},"end":{"line":18,"column":22}}],"line":15}},"s":{"0":1,"1":1,"2":1,"3":1,"4":0,"5":1,"6":1,"7":1,"8":1,"9":250,"10":1,"11":1},"f":{"0":1,"1":1,"2":1,"3":250},"b":{"0":[0,1]},"_coverageSchema":"1a1c01bbd47fc00a2c39e90264f33305004495a9","hash":"25aa437497b5963d5dfdc297be6cabc90086bccc"}
,"C:\\Users\\chend\\Documents\\ctr-build-10\\ctr-build-10\\routes\\index.js": {"path":"C:\\Users\\chend\\Documents\\ctr-build-10\\ctr-build-10\\routes\\index.js","statementMap":{"0":{"start":{"line":1,"column":14},"end":{"line":1,"column":32}},"1":{"start":{"line":2,"column":13},"end":{"line":2,"column":29}},"2":{"start":{"line":3,"column":21},"end":{"line":3,"column":61}},"3":{"start":{"line":4,"column":21},"end":{"line":4,"column":61}},"4":{"start":{"line":5,"column":26},"end":{"line":5,"column":71}},"5":{"start":{"line":6,"column":22},"end":{"line":6,"column":63}},"6":{"start":{"line":7,"column":21},"end":{"line":7,"column":61}},"7":{"start":{"line":10,"column":0},"end":{"line":10,"column":45}},"8":{"start":{"line":13,"column":0},"end":{"line":13,"column":39}},"9":{"start":{"line":16,"column":0},"end":{"line":16,"column":47}},"10":{"start":{"line":19,"column":0},"end":{"line":19,"column":47}},"11":{"start":{"line":22,"column":0},"end":{"line":22,"column":45}},"12":{"start":{"line":25,"column":0},"end":{"line":25,"column":48}},"13":{"start":{"line":28,"column":0},"end":{"line":28,"column":62}},"14":{"start":{"line":30,"column":0},"end":{"line":30,"column":24}}},"fnMap":{},"branchMap":{},"s":{"0":1,"1":1,"2":1,"3":1,"4":1,"5":1,"6":1,"7":1,"8":1,"9":1,"10":1,"11":1,"12":1,"13":1,"14":1},"f":{},"b":{},"_coverageSchema":"1a1c01bbd47fc00a2c39e90264f33305004495a9","hash":"1a357785ae6781d60e88bf515bb96e080b9b15d3"}
,"C:\\Users\\chend\\Documents\\ctr-build-10\\ctr-build-10\\routes\\users.js": {"path":"C:\\Users\\chend\\Documents\\ctr-build-10\\ctr-build-10\\routes\\users.js","statementMap":{"0":{"start":{"line":1,"column":14},"end":{"line":1,"column":32}},"1":{"start":{"line":2,"column":13},"end":{"line":2,"column":29}},"2":{"start":{"line":5,"column":0},"end":{"line":7,"column":3}},"3":{"start":{"line":6,"column":2},"end":{"line":6,"column":38}},"4":{"start":{"line":9,"column":0},"end":{"line":9,"column":24}}},"fnMap":{"0":{"name":"(anonymous_0)","decl":{"start":{"line":5,"column":16},"end":{"line":5,"column":17}},"loc":{"start":{"line":5,"column":41},"end":{"line":7,"column":1}},"line":5}},"branchMap":{},"s":{"0":1,"1":1,"2":1,"3":0,"4":1},"f":{"0":0},"b":{},"_coverageSchema":"1a1c01bbd47fc00a2c39e90264f33305004495a9","hash":"9b06211f3bb44f3ee7395adc016e131ddb7330b4"}
}
