TN:
SF:app.js
FN:26,(anonymous_0)
FN:31,(anonymous_1)
FNF:2
FNH:0
FNDA:0,(anonymous_0)
FNDA:0,(anonymous_1)
DA:1,1
DA:2,1
DA:3,1
DA:4,1
DA:5,1
DA:7,1
DA:8,1
DA:10,1
DA:13,1
DA:14,1
DA:16,1
DA:17,1
DA:18,1
DA:19,1
DA:20,1
DA:22,1
DA:23,1
DA:26,1
DA:27,0
DA:31,1
DA:33,0
DA:34,0
DA:37,0
DA:38,0
DA:41,1
LF:25
LH:20
BRDA:34,0,0,0
BRDA:34,0,1,0
BRDA:37,1,0,0
BRDA:37,1,1,0
BRF:4
BRH:0
end_of_record
TN:
SF:controllers\favoritesController.js
FN:1,render_favorites
FNF:1
FNH:1
FNDA:1,render_favorites
DA:2,1
DA:5,1
LF:2
LH:2
BRF:0
BRH:0
end_of_record
TN:
SF:controllers\formController.js
FN:9,render_form
FN:13,add_data
FNF:2
FNH:1
FNDA:1,render_form
FNDA:0,add_data
DA:1,1
DA:4,1
DA:10,1
DA:14,0
DA:25,0
DA:26,0
DA:29,1
LF:7
LH:4
BRF:0
BRH:0
end_of_record
TN:
SF:controllers\homeController.js
FN:1,render_home
FNF:1
FNH:1
FNDA:1,render_home
DA:2,1
DA:5,1
LF:2
LH:2
BRF:0
BRH:0
end_of_record
TN:
SF:controllers\indexController.js
FN:9,render_index
FN:13,login
FNF:2
FNH:1
FNDA:1,render_index
FNDA:0,login
DA:1,1
DA:4,1
DA:10,1
DA:14,0
DA:15,0
DA:16,0
DA:17,0
DA:20,0
DA:22,0
DA:26,1
LF:10
LH:4
BRDA:16,0,0,0
BRDA:16,0,1,0
BRF:2
BRH:0
end_of_record
TN:
SF:controllers\listController.js
FN:13,get_roster_data
FN:26,display_list
FN:28,(anonymous_2)
FN:29,(anonymous_3)
FNF:4
FNH:4
FNDA:1,get_roster_data
FNDA:1,display_list
FNDA:1,(anonymous_2)
FNDA:250,(anonymous_3)
DA:1,1
DA:4,1
DA:14,1
DA:15,1
DA:16,0
DA:18,1
DA:27,1
DA:28,1
DA:29,1
DA:30,250
DA:33,1
DA:36,1
LF:12
LH:11
BRDA:15,0,0,0
BRDA:15,0,1,1
BRF:2
BRH:1
end_of_record
TN:
SF:routes\index.js
FNF:0
FNH:0
DA:1,1
DA:2,1
DA:3,1
DA:4,1
DA:5,1
DA:6,1
DA:7,1
DA:10,1
DA:13,1
DA:16,1
DA:19,1
DA:22,1
DA:25,1
DA:28,1
DA:30,1
LF:15
LH:15
BRF:0
BRH:0
end_of_record
TN:
SF:routes\users.js
FN:5,(anonymous_0)
FNF:1
FNH:0
FNDA:0,(anonymous_0)
DA:1,1
DA:2,1
DA:5,1
DA:6,0
DA:9,1
LF:5
LH:4
BRF:0
BRH:0
end_of_record
